<?xml version="1.0" encoding="UTF-8" ?>
<testsuite errors="0" failures="0" hostname="vodkalimon.local" name="hub.CompanyControllerTests" tests="8" time="5.387" timestamp="2012-07-24T18:12:39">
  <properties />
  <testcase classname="hub.CompanyControllerTests" name="testIndex" time="3.091" />
  <testcase classname="hub.CompanyControllerTests" name="testList" time="0.828" />
  <testcase classname="hub.CompanyControllerTests" name="testCreate" time="0.142" />
  <testcase classname="hub.CompanyControllerTests" name="testSave" time="0.491" />
  <testcase classname="hub.CompanyControllerTests" name="testShow" time="0.2" />
  <testcase classname="hub.CompanyControllerTests" name="testEdit" time="0.146" />
  <testcase classname="hub.CompanyControllerTests" name="testUpdate" time="0.186" />
  <testcase classname="hub.CompanyControllerTests" name="testDelete" time="0.128" />
  <system-out><![CDATA[--Output from testIndex--
--Output from testList--
--Output from testCreate--
--Output from testSave--
--Output from testShow--
--Output from testEdit--
--Output from testUpdate--
--Output from testDelete--
]]></system-out>
  <system-err><![CDATA[--Output from testIndex--
--Output from testList--
--Output from testCreate--
--Output from testSave--
--Output from testShow--
--Output from testEdit--
--Output from testUpdate--
--Output from testDelete--
]]></system-err>
</testsuite>
