<?xml version="1.0" encoding="UTF-8" ?>
<testsuite errors="0" failures="1" hostname="vodkalimon.local" name="hub.HomeControllerTests" tests="1" time="0.434" timestamp="2012-07-24T18:12:45">
  <properties />
  <testcase classname="hub.HomeControllerTests" name="testSomething" time="0.43">
    <failure message="junit.framework.AssertionFailedError: Implement me" type="junit.framework.AssertionFailedError">junit.framework.AssertionFailedError: junit.framework.AssertionFailedError: Implement me
	at hub.HomeControllerTests.testSomething(HomeControllerTests.groovy:15)
</failure>
  </testcase>
  <system-out><![CDATA[--Output from testSomething--
]]></system-out>
  <system-err><![CDATA[--Output from testSomething--
]]></system-err>
</testsuite>
